---
VM version: Jun 10 2016 15:27:09 - 81_REL - optU - windows amd64 - 6 - bas2:270868 (mixed mode)

Time:2016-08-1912:06:11
Pid: 24920
Hostname: SOFN60264504A
current dir: C:\Users\i333468\jUnit_course
---
   :    [24760] 12:06:11 ***ERROR (:0): Java assert: "
Expected: (an instance of javax.ws.rs.NotFoundException and hasProperty("response", hasProperty("status", is <404>)))
     but: an instance of javax.ws.rs.NotFoundException <java.lang.RuntimeException: java.lang.ClassNotFoundException: org.glassfish.jersey.internal.RuntimeDelegateImpl> is a java.lang.RuntimeException
Stacktrace was: java.lang.RuntimeException: java.lang.ClassNotFoundException: org.glassfish.jersey.internal.RuntimeDelegateImpl
	at javax.ws.rs.ext.RuntimeDelegate.findDelegate(RuntimeDelegate.java:152)
	at javax.ws.rs.ext.RuntimeDelegate.getInstance(RuntimeDelegate.java:120)
	at javax.ws.rs.core.Response$ResponseBuilder.newInstance(Response.java:848)
	at javax.ws.rs.core.Response.status(Response.java:590)
	at javax.ws.rs.core.Response.status(Response.java:601)
	at training.TestExy$TestThing.chuck(TestExy.java:30)
	at training.TestExy.shouldThrow(TestExy.java:25)
	at sun.reflect.NativeMethodAccessorImpl.invoke0(Native Method)
	at sun.reflect.NativeMethodAccessorImpl.invoke(NativeMethodAccessorImpl.java:62)
	at sun.reflect.DelegatingMethodAccessorImpl.invoke(DelegatingMethodAccessorImpl.java:43)
	at java.lang.reflect.Method.invoke(Method.java:498)
	at org.junit.runners.model.FrameworkMethod$1.runReflectiveCall(FrameworkMethod.java:50)
	at org.junit.internal.runners.model.ReflectiveCallable.run(ReflectiveCallable.java:12)
	at org.junit.runners.model.FrameworkMethod.invokeExplosively(FrameworkMethod.java:47)
	at org.junit.internal.runners.statements.InvokeMethod.evaluate(InvokeMethod.java:17)
	at org.junit.rules.ExpectedException$ExpectedExceptionStatement.evaluate(ExpectedException.java:239)
	at org.junit.rules.RunRules.evaluate(RunRules.java:20)
	at org.junit.runners.ParentRunner.runLeaf(ParentRunner.java:325)
	at org.junit.runners.BlockJUnit4ClassRunner.runChild(BlockJUnit4ClassRunner.java:78)
	at org.junit.runners.BlockJUnit4ClassRunner.runChild(BlockJUnit4ClassRunner.java:57)
	at org.junit.runners.ParentRunner$3.run(ParentRunner.java:290)
	at org.junit.runners.ParentRunner$1.schedule(ParentRunner.java:71)
	at org.junit.runners.ParentRunner.runChildren(ParentRunner.java:288)
	at org.junit.runners.ParentRunner.access$000(ParentRunner.java:58)
	at org.junit.runners.ParentRunner$2.evaluate(ParentRunner.java:268)
	at org.junit.runners.ParentRunner.run(ParentRunner.java:363)
	at org.eclipse.jdt.internal.junit4.runner.JUnit4TestReference.run(JUnit4TestReference.java:86)
	at org.eclipse.jdt.internal.junit.runner.TestExecution.run(TestExecution.java:38)
	at org.eclipse.jdt.internal.junit.runner.RemoteTestRunner.runTests(RemoteTestRunner.java:459)
	at org.eclipse.jdt.internal.junit.runner.RemoteTestRunner.runTests(RemoteTestRunner.java:678)
	at org.eclipse.jdt.internal.junit.runner.RemoteTestRunner.run(RemoteTestRunner.java:382)
	at org.eclipse.jdt.internal.junit.runner.RemoteTestRunner.main(RemoteTestRunner.java:192)
Caused by: java.lang.ClassNotFoundException: org.glassfish.jersey.internal.RuntimeDelegateImpl
	at java.net.URLClassLoader.findClass(URLClassLoader.java:444)
	at java.lang.ClassLoader.loadClass(ClassLoader.java:490)
	at sun.misc.Launcher$AppClassLoader.loadClass(Launcher.java:376)
	at java.lang.ClassLoader.loadClass(ClassLoader.java:423)
	at java.lang.Class.forName0(Native Method)
	at java.lang.Class.forNameFW(Class.java:357)
	at java.lang.Class.forName(Class.java:265)
	at javax.ws.rs.ext.FactoryFinder.newInstance(FactoryFinder.java:114)
	at javax.ws.rs.ext.FactoryFinder.find(FactoryFinder.java:207)
	at javax.ws.rs.ext.RuntimeDelegate.findDelegate(RuntimeDelegate.java:135)
	... 31 more
" in org.hamcrest.MatcherAssert.assertThat(MatcherAssert.java:20)
